2022-08-30T13:23:56+00:00 CRITICAL Uncaught ArgumentCountError: 3 arguments are required, 2 given in C:\xampp\htdocs\nhannt2\wp-admin\includes\class-bulk-upgrader-skin.php:156
Stack trace:
#0 C:\xampp\htdocs\nhannt2\wp-admin\includes\class-bulk-upgrader-skin.php(156): sprintf('%1$s installed ...', 'Instagram Feed')
#1 C:\xampp\htdocs\nhannt2\wp-content\plugins\woostify-sites-library\includes\class-tgm-plugin-activation.php(3646): Bulk_Upgrader_Skin->after('Instagram Feed')
#2 C:\xampp\htdocs\nhannt2\wp-admin\includes\class-wp-upgrader.php(824): TGMPA_Bulk_Installer_Skin->after()
#3 C:\xampp\htdocs\nhannt2\wp-content\plugins\woostify-sites-library\includes\class-tgm-plugin-activation.php(3266): WP_Upgrader->run(Array)
#4 C:\xampp\htdocs\nhannt2\wp-content\plugins\woostify-sites-library\includes\class-tgm-plugin-activation.php(3379): TGMPA_Bulk_Installer->run(Array)
#5 C:\xampp\htdocs\nhannt2\wp-content\plugins\woostify-sites-library\includes\class-tgm-plugin-activation.php(2985): TGMPA_Bulk_Installer->bulk_install(Array)
#6 C:\xampp\htdocs\nhannt2\wp-content\plugins\woostify-sites-library\includes\class-tgm-plugin-activation.php(751): TGMPA_List_Table->process_bulk_actions()
#7 C:\xampp\htdocs\nhannt2\wp-includes\class-wp-hook.php(307): TGM_Plugin_Activation->install_plugins_page('')
#8 C:\xampp\htdocs\nhannt2\wp-includes\class-wp-hook.php(331): WP_Hook->apply_filters('', Array)
#9 C:\xampp\htdocs\nhannt2\wp-includes\plugin.php(476): WP_Hook->do_action(Array)
#10 C:\xampp\htdocs\nhannt2\wp-admin\admin.php(259): do_action('plugins_page_tg...')
#11 C:\xampp\htdocs\nhannt2\wp-admin\plugins.php(10): require_once('C:\\xampp\\htdocs...')
#12 {main}
  thrown in C:\xampp\htdocs\nhannt2\wp-admin\includes\class-bulk-upgrader-skin.php on line 156

2022-08-30T13:24:13+00:00 CRITICAL Uncaught ArgumentCountError: 3 arguments are required, 2 given in C:\xampp\htdocs\nhannt2\wp-admin\includes\class-bulk-upgrader-skin.php:156
Stack trace:
#0 C:\xampp\htdocs\nhannt2\wp-admin\includes\class-bulk-upgrader-skin.php(156): sprintf('%1$s installed ...', 'Variation Swatc...')
#1 C:\xampp\htdocs\nhannt2\wp-content\plugins\woostify-sites-library\includes\class-tgm-plugin-activation.php(3646): Bulk_Upgrader_Skin->after('Variation Swatc...')
#2 C:\xampp\htdocs\nhannt2\wp-admin\includes\class-wp-upgrader.php(824): TGMPA_Bulk_Installer_Skin->after()
#3 C:\xampp\htdocs\nhannt2\wp-content\plugins\woostify-sites-library\includes\class-tgm-plugin-activation.php(3266): WP_Upgrader->run(Array)
#4 C:\xampp\htdocs\nhannt2\wp-content\plugins\woostify-sites-library\includes\class-tgm-plugin-activation.php(3379): TGMPA_Bulk_Installer->run(Array)
#5 C:\xampp\htdocs\nhannt2\wp-content\plugins\woostify-sites-library\includes\class-tgm-plugin-activation.php(2985): TGMPA_Bulk_Installer->bulk_install(Array)
#6 C:\xampp\htdocs\nhannt2\wp-content\plugins\woostify-sites-library\includes\class-tgm-plugin-activation.php(751): TGMPA_List_Table->process_bulk_actions()
#7 C:\xampp\htdocs\nhannt2\wp-includes\class-wp-hook.php(307): TGM_Plugin_Activation->install_plugins_page('')
#8 C:\xampp\htdocs\nhannt2\wp-includes\class-wp-hook.php(331): WP_Hook->apply_filters('', Array)
#9 C:\xampp\htdocs\nhannt2\wp-includes\plugin.php(476): WP_Hook->do_action(Array)
#10 C:\xampp\htdocs\nhannt2\wp-admin\admin.php(259): do_action('plugins_page_tg...')
#11 C:\xampp\htdocs\nhannt2\wp-admin\plugins.php(10): require_once('C:\\xampp\\htdocs...')
#12 {main}
  thrown in C:\xampp\htdocs\nhannt2\wp-admin\includes\class-bulk-upgrader-skin.php on line 156

